<?xml version="1.0" encoding="UTF-8"?>
<testsuite name="br.com.geradordedevs.pagarme.service.impl.PagamentoServiceImplTest" tests="1" skipped="0" failures="0" errors="0" timestamp="2023-01-12T18:15:23" hostname="mario-Inspiron-3501" time="1.321">
  <properties/>
  <testcase name="criarPagamentoDebitoDeveRetornarOk" classname="br.com.geradordedevs.pagarme.service.impl.PagamentoServiceImplTest" time="1.321"/>
  <system-out><![CDATA[15:15:24.889 [Test worker] INFO br.com.geradordedevs.pagarme.services.impl.PagamentoServiceImpl - cadastrando pagamento de DEBITO
]]></system-out>
  <system-err><![CDATA[]]></system-err>
</testsuite>
