<?xml version="1.0" encoding="UTF-8"?>
<testsuite name="br.com.geradordedevs.pagarme.controllers.TransacoesControllerTest" tests="13" skipped="0" failures="0" errors="0" timestamp="2023-01-12T14:47:08" hostname="mario-Inspiron-3501" time="0.498">
  <properties/>
  <testcase name="cadastrarTransacaoValorNuloDeveRetornarBadRequest" classname="br.com.geradordedevs.pagarme.controllers.TransacoesControllerTest" time="0.341"/>
  <testcase name="cadastrarTransacaoPagamentoNuloDeveRetornarBadRequest" classname="br.com.geradordedevs.pagarme.controllers.TransacoesControllerTest" time="0.019"/>
  <testcase name="cadastrarTransacaoValidadeCartaoNuloDeveRetornarBadRequest" classname="br.com.geradordedevs.pagarme.controllers.TransacoesControllerTest" time="0.011"/>
  <testcase name="cadastrarTransacaoCvvMenorDeveRetornarBadRequest" classname="br.com.geradordedevs.pagarme.controllers.TransacoesControllerTest" time="0.011"/>
  <testcase name="consultarSaldoDeveRetornarOk" classname="br.com.geradordedevs.pagarme.controllers.TransacoesControllerTest" time="0.026"/>
  <testcase name="cadastrarTransacaoDeveRetornarOk" classname="br.com.geradordedevs.pagarme.controllers.TransacoesControllerTest" time="0.011"/>
  <testcase name="deletarTransacaoDeveRetornarOk" classname="br.com.geradordedevs.pagarme.controllers.TransacoesControllerTest" time="0.009"/>
  <testcase name="cadastrarTransacaoNumeroCartaoNuloDeveRetornarBadRequest" classname="br.com.geradordedevs.pagarme.controllers.TransacoesControllerTest" time="0.008"/>
  <testcase name="cadastrarTransacaoCvvMaiorDeveRetornarBadRequest" classname="br.com.geradordedevs.pagarme.controllers.TransacoesControllerTest" time="0.011"/>
  <testcase name="cadastrarTransacaoNomePortadorNuloDeveRetornarBadRequest" classname="br.com.geradordedevs.pagarme.controllers.TransacoesControllerTest" time="0.01"/>
  <testcase name="listarTransacoesDeveRetornarOk" classname="br.com.geradordedevs.pagarme.controllers.TransacoesControllerTest" time="0.007"/>
  <testcase name="cadastrarTransacaoCvvNuloDeveRetornarBadRequest" classname="br.com.geradordedevs.pagarme.controllers.TransacoesControllerTest" time="0.009"/>
  <testcase name="cadastrarTransacaoDescricaoNuloDeveRetornarBadRequest" classname="br.com.geradordedevs.pagarme.controllers.TransacoesControllerTest" time="0.007"/>
  <system-out><![CDATA[11:47:04.289 [Test worker] DEBUG org.springframework.test.context.junit4.SpringJUnit4ClassRunner - SpringJUnit4ClassRunner constructor called with [class br.com.geradordedevs.pagarme.controllers.TransacoesControllerTest]
11:47:04.316 [Test worker] DEBUG org.springframework.test.context.BootstrapUtils - Instantiating CacheAwareContextLoaderDelegate from class [org.springframework.test.context.cache.DefaultCacheAwareContextLoaderDelegate]
11:47:04.336 [Test worker] DEBUG org.springframework.test.context.BootstrapUtils - Instantiating BootstrapContext using constructor [public org.springframework.test.context.support.DefaultBootstrapContext(java.lang.Class,org.springframework.test.context.CacheAwareContextLoaderDelegate)]
11:47:04.429 [Test worker] DEBUG org.springframework.test.context.BootstrapUtils - Instantiating TestContextBootstrapper for test class [br.com.geradordedevs.pagarme.controllers.TransacoesControllerTest] from class [org.springframework.boot.test.autoconfigure.web.servlet.WebMvcTestContextBootstrapper]
11:47:04.454 [Test worker] INFO org.springframework.boot.test.autoconfigure.web.servlet.WebMvcTestContextBootstrapper - Neither @ContextConfiguration nor @ContextHierarchy found for test class [br.com.geradordedevs.pagarme.controllers.TransacoesControllerTest], using SpringBootContextLoader
11:47:04.467 [Test worker] DEBUG org.springframework.test.context.support.AbstractContextLoader - Did not detect default resource location for test class [br.com.geradordedevs.pagarme.controllers.TransacoesControllerTest]: class path resource [br/com/geradordedevs/pagarme/controllers/TransacoesControllerTest-context.xml] does not exist
11:47:04.468 [Test worker] DEBUG org.springframework.test.context.support.AbstractContextLoader - Did not detect default resource location for test class [br.com.geradordedevs.pagarme.controllers.TransacoesControllerTest]: class path resource [br/com/geradordedevs/pagarme/controllers/TransacoesControllerTestContext.groovy] does not exist
11:47:04.468 [Test worker] INFO org.springframework.test.context.support.AbstractContextLoader - Could not detect default resource locations for test class [br.com.geradordedevs.pagarme.controllers.TransacoesControllerTest]: no resource found for suffixes {-context.xml, Context.groovy}.
11:47:04.469 [Test worker] INFO org.springframework.test.context.support.AnnotationConfigContextLoaderUtils - Could not detect default configuration classes for test class [br.com.geradordedevs.pagarme.controllers.TransacoesControllerTest]: TransacoesControllerTest does not declare any static, non-private, non-final, nested classes annotated with @Configuration.
11:47:04.616 [Test worker] DEBUG org.springframework.test.context.support.ActiveProfilesUtils - Could not find an 'annotation declaring class' for annotation type [org.springframework.test.context.ActiveProfiles] and class [br.com.geradordedevs.pagarme.controllers.TransacoesControllerTest]
11:47:04.755 [Test worker] DEBUG org.springframework.context.annotation.ClassPathScanningCandidateComponentProvider - Identified candidate component class: file [/home/mario/Documentos/GitHub/pagar-me/build/classes/java/main/br/com/geradordedevs/pagarme/DesafioPagarMeApplication.class]
11:47:04.756 [Test worker] INFO org.springframework.boot.test.context.SpringBootTestContextBootstrapper - Found @SpringBootConfiguration br.com.geradordedevs.pagarme.DesafioPagarMeApplication for test class br.com.geradordedevs.pagarme.controllers.TransacoesControllerTest
11:47:04.761 [Test worker] DEBUG org.springframework.boot.test.autoconfigure.web.servlet.WebMvcTestContextBootstrapper - @TestExecutionListeners is not present for class [br.com.geradordedevs.pagarme.controllers.TransacoesControllerTest]: using defaults.
11:47:04.762 [Test worker] INFO org.springframework.boot.test.autoconfigure.web.servlet.WebMvcTestContextBootstrapper - Loaded default TestExecutionListener class names from location [META-INF/spring.factories]: [org.springframework.boot.test.autoconfigure.restdocs.RestDocsTestExecutionListener, org.springframework.boot.test.autoconfigure.web.client.MockRestServiceServerResetTestExecutionListener, org.springframework.boot.test.autoconfigure.web.servlet.MockMvcPrintOnlyOnFailureTestExecutionListener, org.springframework.boot.test.autoconfigure.web.servlet.WebDriverTestExecutionListener, org.springframework.boot.test.autoconfigure.webservices.client.MockWebServiceServerTestExecutionListener, org.springframework.boot.test.mock.mockito.MockitoTestExecutionListener, org.springframework.boot.test.mock.mockito.ResetMocksTestExecutionListener, org.springframework.test.context.web.ServletTestExecutionListener, org.springframework.test.context.support.DirtiesContextBeforeModesTestExecutionListener, org.springframework.test.context.event.ApplicationEventsTestExecutionListener, org.springframework.test.context.support.DependencyInjectionTestExecutionListener, org.springframework.test.context.support.DirtiesContextTestExecutionListener, org.springframework.test.context.transaction.TransactionalTestExecutionListener, org.springframework.test.context.jdbc.SqlScriptsTestExecutionListener, org.springframework.test.context.event.EventPublishingTestExecutionListener]
11:47:04.792 [Test worker] INFO org.springframework.boot.test.autoconfigure.web.servlet.WebMvcTestContextBootstrapper - Using TestExecutionListeners: [org.springframework.test.context.web.ServletTestExecutionListener@2d9f64c9, org.springframework.test.context.support.DirtiesContextBeforeModesTestExecutionListener@21ac5eb4, org.springframework.test.context.event.ApplicationEventsTestExecutionListener@52d6cd34, org.springframework.boot.test.mock.mockito.MockitoTestExecutionListener@715d6168, org.springframework.boot.test.autoconfigure.SpringBootDependencyInjectionTestExecutionListener@27b2faa6, org.springframework.test.context.support.DirtiesContextTestExecutionListener@6428591a, org.springframework.test.context.transaction.TransactionalTestExecutionListener@7397c6, org.springframework.test.context.jdbc.SqlScriptsTestExecutionListener@1abfe081, org.springframework.test.context.event.EventPublishingTestExecutionListener@2a685eba, org.springframework.boot.test.autoconfigure.restdocs.RestDocsTestExecutionListener@c2e3264, org.springframework.boot.test.autoconfigure.web.client.MockRestServiceServerResetTestExecutionListener@107f4980, org.springframework.boot.test.autoconfigure.web.servlet.MockMvcPrintOnlyOnFailureTestExecutionListener@75a118e6, org.springframework.boot.test.autoconfigure.web.servlet.WebDriverTestExecutionListener@1d540566, org.springframework.boot.test.autoconfigure.webservices.client.MockWebServiceServerTestExecutionListener@6014a9ba, org.springframework.boot.test.mock.mockito.ResetMocksTestExecutionListener@acdcf71]
11:47:04.796 [Test worker] DEBUG org.springframework.test.annotation.ProfileValueUtils - Retrieved @ProfileValueSourceConfiguration [null] for test class [br.com.geradordedevs.pagarme.controllers.TransacoesControllerTest]
11:47:04.797 [Test worker] DEBUG org.springframework.test.annotation.ProfileValueUtils - Retrieved ProfileValueSource type [class org.springframework.test.annotation.SystemProfileValueSource] for class [br.com.geradordedevs.pagarme.controllers.TransacoesControllerTest]
11:47:04.799 [Test worker] DEBUG org.springframework.test.annotation.ProfileValueUtils - Retrieved @ProfileValueSourceConfiguration [null] for test class [br.com.geradordedevs.pagarme.controllers.TransacoesControllerTest]
11:47:04.799 [Test worker] DEBUG org.springframework.test.annotation.ProfileValueUtils - Retrieved ProfileValueSource type [class org.springframework.test.annotation.SystemProfileValueSource] for class [br.com.geradordedevs.pagarme.controllers.TransacoesControllerTest]
11:47:04.800 [Test worker] DEBUG org.springframework.test.annotation.ProfileValueUtils - Retrieved @ProfileValueSourceConfiguration [null] for test class [br.com.geradordedevs.pagarme.controllers.TransacoesControllerTest]
11:47:04.801 [Test worker] DEBUG org.springframework.test.annotation.ProfileValueUtils - Retrieved ProfileValueSource type [class org.springframework.test.annotation.SystemProfileValueSource] for class [br.com.geradordedevs.pagarme.controllers.TransacoesControllerTest]
11:47:04.802 [Test worker] DEBUG org.springframework.test.annotation.ProfileValueUtils - Retrieved @ProfileValueSourceConfiguration [null] for test class [br.com.geradordedevs.pagarme.controllers.TransacoesControllerTest]
11:47:04.802 [Test worker] DEBUG org.springframework.test.annotation.ProfileValueUtils - Retrieved ProfileValueSource type [class org.springframework.test.annotation.SystemProfileValueSource] for class [br.com.geradordedevs.pagarme.controllers.TransacoesControllerTest]
11:47:04.810 [Test worker] DEBUG org.springframework.test.context.support.AbstractDirtiesContextTestExecutionListener - Before test class: context [DefaultTestContext@37af1f93 testClass = TransacoesControllerTest, testInstance = [null], testMethod = [null], testException = [null], mergedContextConfiguration = [WebMergedContextConfiguration@778d82e9 testClass = TransacoesControllerTest, locations = '{}', classes = '{class br.com.geradordedevs.pagarme.DesafioPagarMeApplication}', contextInitializerClasses = '[]', activeProfiles = '{}', propertySourceLocations = '{}', propertySourceProperties = '{spring.autoconfigure.exclude=org.springframework.boot.autoconfigure.security.servlet.SecurityAutoConfiguration, org.springframework.boot.test.autoconfigure.web.servlet.WebMvcTestContextBootstrapper=true}', contextCustomizers = set[org.springframework.boot.test.autoconfigure.OverrideAutoConfigurationContextCustomizerFactory$DisableAutoConfigurationContextCustomizer@18a645fd, org.springframework.boot.test.autoconfigure.actuate.metrics.MetricsExportContextCustomizerFactory$DisableMetricExportContextCustomizer@6872f9c8, org.springframework.boot.test.autoconfigure.filter.TypeExcludeFiltersContextCustomizer@e86d07aa, org.springframework.boot.test.autoconfigure.properties.PropertyMappingContextCustomizer@25c28612, org.springframework.boot.test.autoconfigure.web.servlet.WebDriverContextCustomizerFactory$Customizer@21325036, [ImportsContextCustomizer@408e96d9 key = [org.springframework.boot.autoconfigure.cache.CacheAutoConfiguration, org.springframework.boot.autoconfigure.context.MessageSourceAutoConfiguration, org.springframework.boot.autoconfigure.data.web.SpringDataWebAutoConfiguration, org.springframework.boot.autoconfigure.freemarker.FreeMarkerAutoConfiguration, org.springframework.boot.autoconfigure.groovy.template.GroovyTemplateAutoConfiguration, org.springframework.boot.autoconfigure.gson.GsonAutoConfiguration, org.springframework.boot.autoconfigure.hateoas.HypermediaAutoConfiguration, org.springframework.boot.autoconfigure.http.HttpMessageConvertersAutoConfiguration, org.springframework.boot.autoconfigure.jackson.JacksonAutoConfiguration, org.springframework.boot.autoconfigure.jsonb.JsonbAutoConfiguration, org.springframework.boot.autoconfigure.mustache.MustacheAutoConfiguration, org.springframework.boot.autoconfigure.task.TaskExecutionAutoConfiguration, org.springframework.boot.autoconfigure.thymeleaf.ThymeleafAutoConfiguration, org.springframework.boot.autoconfigure.validation.ValidationAutoConfiguration, org.springframework.boot.autoconfigure.web.servlet.error.ErrorMvcAutoConfiguration, org.springframework.boot.autoconfigure.web.servlet.HttpEncodingAutoConfiguration, org.springframework.boot.autoconfigure.web.servlet.WebMvcAutoConfiguration, org.springframework.boot.test.autoconfigure.web.servlet.MockMvcAutoConfiguration, org.springframework.boot.test.autoconfigure.web.servlet.MockMvcWebClientAutoConfiguration, org.springframework.boot.test.autoconfigure.web.servlet.MockMvcWebDriverAutoConfiguration, org.springframework.boot.autoconfigure.security.oauth2.client.servlet.OAuth2ClientAutoConfiguration, org.springframework.boot.autoconfigure.security.oauth2.resource.servlet.OAuth2ResourceServerAutoConfiguration, org.springframework.boot.autoconfigure.security.servlet.SecurityAutoConfiguration, org.springframework.boot.autoconfigure.security.servlet.SecurityFilterAutoConfiguration, org.springframework.boot.autoconfigure.security.servlet.UserDetailsServiceAutoConfiguration, org.springframework.boot.test.autoconfigure.web.servlet.MockMvcSecurityConfiguration, org.springframework.boot.test.autoconfigure.web.reactive.WebTestClientAutoConfiguration]], org.springframework.boot.test.context.filter.ExcludeFilterContextCustomizer@1f443fae, org.springframework.boot.test.json.DuplicateJsonObjectContextCustomizerFactory$DuplicateJsonObjectContextCustomizer@281f23f2, org.springframework.boot.test.mock.mockito.MockitoContextCustomizer@f5dec3bf, org.springframework.boot.test.context.SpringBootTestArgs@1, org.springframework.boot.test.context.SpringBootTestWebEnvironment@0], resourceBasePath = 'src/main/webapp', contextLoader = 'org.springframework.boot.test.context.SpringBootContextLoader', parent = [null]], attributes = map[[empty]]], class annotated with @DirtiesContext [false] with mode [null].
11:47:04.813 [Test worker] DEBUG org.springframework.test.annotation.ProfileValueUtils - Retrieved @ProfileValueSourceConfiguration [null] for test class [br.com.geradordedevs.pagarme.controllers.TransacoesControllerTest]
11:47:04.813 [Test worker] DEBUG org.springframework.test.annotation.ProfileValueUtils - Retrieved ProfileValueSource type [class org.springframework.test.annotation.SystemProfileValueSource] for class [br.com.geradordedevs.pagarme.controllers.TransacoesControllerTest]

  .   ____          _            __ _ _
 /\\ / ___'_ __ _ _(_)_ __  __ _ \ \ \ \
( ( )\___ | '_ | '_| | '_ \/ _` | \ \ \ \
 \\/  ___)| |_)| | | | | || (_| |  ) ) ) )
  '  |____| .__|_| |_|_| |_\__, | / / / /
 =========|_|==============|___/=/_/_/_/
 :: Spring Boot ::                (v2.7.5)

2023-01-12 11:47:05.498  INFO 23562 --- [    Test worker] b.c.g.p.c.TransacoesControllerTest       : Starting TransacoesControllerTest using Java 18.0.2-ea on mario-Inspiron-3501 with PID 23562 (started by mario in /home/mario/Documentos/GitHub/pagar-me)
2023-01-12 11:47:05.500  INFO 23562 --- [    Test worker] b.c.g.p.c.TransacoesControllerTest       : No active profile set, falling back to 1 default profile: "default"
2023-01-12 11:47:08.137  INFO 23562 --- [    Test worker] o.s.b.t.m.w.SpringBootMockServletContext : Initializing Spring TestDispatcherServlet ''
2023-01-12 11:47:08.137  INFO 23562 --- [    Test worker] o.s.t.web.servlet.TestDispatcherServlet  : Initializing Servlet ''
2023-01-12 11:47:08.139  INFO 23562 --- [    Test worker] o.s.t.web.servlet.TestDispatcherServlet  : Completed initialization in 2 ms
2023-01-12 11:47:08.171  INFO 23562 --- [    Test worker] b.c.g.p.c.TransacoesControllerTest       : Started TransacoesControllerTest in 3.29 seconds (JVM running for 4.833)
2023-01-12 11:47:08.482 ERROR 23562 --- [    Test worker] b.c.g.p.e.ApplicationExceptionHandler    : erro de entrada de dados: ErrorResponse(timestamp=1673534828482, status=400, code=Bad Request, message=Requisição possui campos inválidos, erros=[ErrorObject(message=campo obrigatorio, field=valorTransacao, parameter=null)])
2023-01-12 11:47:08.541 ERROR 23562 --- [    Test worker] b.c.g.p.e.ApplicationExceptionHandler    : erro de entrada de dados: ErrorResponse(timestamp=1673534828541, status=400, code=Bad Request, message=Requisição possui campos inválidos, erros=[ErrorObject(message=campo obrigatorio, field=metodoPagamento, parameter=null)])
2023-01-12 11:47:08.554 ERROR 23562 --- [    Test worker] b.c.g.p.e.ApplicationExceptionHandler    : erro de entrada de dados: ErrorResponse(timestamp=1673534828554, status=400, code=Bad Request, message=Requisição possui campos inválidos, erros=[ErrorObject(message=campo obrigatorio, field=validadeCartao, parameter=null)])
2023-01-12 11:47:08.568 ERROR 23562 --- [    Test worker] b.c.g.p.e.ApplicationExceptionHandler    : erro de entrada de dados: ErrorResponse(timestamp=1673534828568, status=400, code=Bad Request, message=Requisição possui campos inválidos, erros=[ErrorObject(message=codigo de segurança invalido, field=cvv, parameter=12)])
2023-01-12 11:47:08.627 ERROR 23562 --- [    Test worker] b.c.g.p.e.ApplicationExceptionHandler    : erro de entrada de dados: ErrorResponse(timestamp=1673534828627, status=400, code=Bad Request, message=Requisição possui campos inválidos, erros=[ErrorObject(message=numero do cartao invalido, field=numeroCartao, parameter=), ErrorObject(message=campo obrigatorio, field=numeroCartao, parameter=)])
2023-01-12 11:47:08.640 ERROR 23562 --- [    Test worker] b.c.g.p.e.ApplicationExceptionHandler    : erro de entrada de dados: ErrorResponse(timestamp=1673534828640, status=400, code=Bad Request, message=Requisição possui campos inválidos, erros=[ErrorObject(message=codigo de segurança invalido, field=cvv, parameter=1234)])
2023-01-12 11:47:08.651 ERROR 23562 --- [    Test worker] b.c.g.p.e.ApplicationExceptionHandler    : erro de entrada de dados: ErrorResponse(timestamp=1673534828651, status=400, code=Bad Request, message=Requisição possui campos inválidos, erros=[ErrorObject(message=campo obrigatorio, field=nomePortador, parameter=)])
2023-01-12 11:47:08.670 ERROR 23562 --- [    Test worker] b.c.g.p.e.ApplicationExceptionHandler    : erro de entrada de dados: ErrorResponse(timestamp=1673534828670, status=400, code=Bad Request, message=Requisição possui campos inválidos, erros=[ErrorObject(message=codigo de segurança invalido, field=cvv, parameter=), ErrorObject(message=campo obrigatorio, field=cvv, parameter=)])
2023-01-12 11:47:08.679 ERROR 23562 --- [    Test worker] b.c.g.p.e.ApplicationExceptionHandler    : erro de entrada de dados: ErrorResponse(timestamp=1673534828679, status=400, code=Bad Request, message=Requisição possui campos inválidos, erros=[ErrorObject(message=campo obrigatorio, field=descricaoTransacao, parameter=)])
]]></system-out>
  <system-err><![CDATA[]]></system-err>
</testsuite>
