<?xml version="1.0" encoding="UTF-8"?>
<testsuite name="br.com.geradordedevs.pagarme.service.impl.PagamentoServiceImplTest" tests="1" skipped="0" failures="0" errors="0" timestamp="2023-01-12T14:00:40" hostname="mario-Inspiron-3501" time="0.036">
  <properties/>
  <testcase name="criarPagamentoDeveRetornarOk" classname="br.com.geradordedevs.pagarme.service.impl.PagamentoServiceImplTest" time="0.036"/>
  <system-out><![CDATA[2023-01-12 11:00:40.744  INFO 13858 --- [    Test worker] b.c.g.p.s.impl.PagamentoServiceImpl      : cadastrando pagamento de CREDITO
]]></system-out>
  <system-err><![CDATA[]]></system-err>
</testsuite>
